2017-11-16 10:00:05,084 [INFO] from play.api.http.EnabledFilters in play-dev-mode-akka.actor.default-dispatcher-5 - Enabled Filters (see <https://www.playframework.com/documentation/latest/Filters>):

    play.filters.csrf.CSRFFilter
    play.filters.headers.SecurityHeadersFilter
    play.filters.hosts.AllowedHostsFilter

2017-11-16 10:00:05,177 [INFO] from play.api.Play in play-dev-mode-akka.actor.default-dispatcher-5 - Application started (Dev)
2017-11-16 10:00:38,516 [ERROR] from application in play-dev-mode-akka.actor.default-dispatcher-4 - 

! @762j5eo68 - Internal server error, for (GET) [/about] ->
 
play.sbt.routes.RoutesCompilationException: Compilation error[HTTP Verb (GET, POST, ...), include (->), comment (#), or modifier line (+) expected]
	at play.sbt.routes.RoutesCompiler$.$anonfun$compileRoutes$5(RoutesCompiler.scala:165)
	at scala.collection.TraversableLike.$anonfun$map$1(TraversableLike.scala:234)
	at scala.collection.immutable.List.foreach(List.scala:389)
	at scala.collection.TraversableLike.map(TraversableLike.scala:234)
	at scala.collection.TraversableLike.map$(TraversableLike.scala:227)
	at scala.collection.immutable.List.map(List.scala:295)
	at play.sbt.routes.RoutesCompiler$.compileRoutes(RoutesCompiler.scala:163)
	at play.sbt.routes.RoutesCompiler$.$anonfun$compileRoutesFiles$1(RoutesCompiler.scala:141)
	at scala.Function1.$anonfun$compose$1(Function1.scala:44)
	at sbt.internal.util.$tilde$greater.$anonfun$$u2219$1(TypeFunctions.scala:42)
	at sbt.std.Transform$$anon$4.work(System.scala:64)
	at sbt.Execute.$anonfun$submit$2(Execute.scala:257)
	at sbt.internal.util.ErrorHandling$.wideConvert(ErrorHandling.scala:16)
	at sbt.Execute.work(Execute.scala:266)
	at sbt.Execute.$anonfun$submit$1(Execute.scala:257)
	at sbt.ConcurrentRestrictions$$anon$4.$anonfun$submitValid$1(ConcurrentRestrictions.scala:167)
	at sbt.CompletionService$$anon$2.call(CompletionService.scala:32)
	at java.util.concurrent.FutureTask.run(FutureTask.java:266)
	at java.util.concurrent.Executors$RunnableAdapter.call(Executors.java:511)
	at java.util.concurrent.FutureTask.run(FutureTask.java:266)
	at java.util.concurrent.ThreadPoolExecutor.runWorker(ThreadPoolExecutor.java:1149)
	at java.util.concurrent.ThreadPoolExecutor$Worker.run(ThreadPoolExecutor.java:624)
	at java.lang.Thread.run(Thread.java:748)
2017-11-16 10:01:19,675 [ERROR] from application in play-dev-mode-akka.actor.default-dispatcher-4 - 

! @762j5h78f - Internal server error, for (GET) [/about] ->
 
play.sbt.routes.RoutesCompilationException: Compilation error[HTTP Verb (GET, POST, ...), include (->), comment (#), or modifier line (+) expected]
	at play.sbt.routes.RoutesCompiler$.$anonfun$compileRoutes$5(RoutesCompiler.scala:165)
	at scala.collection.TraversableLike.$anonfun$map$1(TraversableLike.scala:234)
	at scala.collection.immutable.List.foreach(List.scala:389)
	at scala.collection.TraversableLike.map(TraversableLike.scala:234)
	at scala.collection.TraversableLike.map$(TraversableLike.scala:227)
	at scala.collection.immutable.List.map(List.scala:295)
	at play.sbt.routes.RoutesCompiler$.compileRoutes(RoutesCompiler.scala:163)
	at play.sbt.routes.RoutesCompiler$.$anonfun$compileRoutesFiles$1(RoutesCompiler.scala:141)
	at scala.Function1.$anonfun$compose$1(Function1.scala:44)
	at sbt.internal.util.$tilde$greater.$anonfun$$u2219$1(TypeFunctions.scala:42)
	at sbt.std.Transform$$anon$4.work(System.scala:64)
	at sbt.Execute.$anonfun$submit$2(Execute.scala:257)
	at sbt.internal.util.ErrorHandling$.wideConvert(ErrorHandling.scala:16)
	at sbt.Execute.work(Execute.scala:266)
	at sbt.Execute.$anonfun$submit$1(Execute.scala:257)
	at sbt.ConcurrentRestrictions$$anon$4.$anonfun$submitValid$1(ConcurrentRestrictions.scala:167)
	at sbt.CompletionService$$anon$2.call(CompletionService.scala:32)
	at java.util.concurrent.FutureTask.run(FutureTask.java:266)
	at java.util.concurrent.Executors$RunnableAdapter.call(Executors.java:511)
	at java.util.concurrent.FutureTask.run(FutureTask.java:266)
	at java.util.concurrent.ThreadPoolExecutor.runWorker(ThreadPoolExecutor.java:1149)
	at java.util.concurrent.ThreadPoolExecutor$Worker.run(ThreadPoolExecutor.java:624)
	at java.lang.Thread.run(Thread.java:748)
2017-11-16 10:01:25,892 [ERROR] from application in play-dev-mode-akka.actor.default-dispatcher-5 - 

! @762j5hgcd - Internal server error, for (GET) [/about] ->
 
play.sbt.routes.RoutesCompilationException: Compilation error[HTTP Verb (GET, POST, ...), include (->), comment (#), or modifier line (+) expected]
	at play.sbt.routes.RoutesCompiler$.$anonfun$compileRoutes$5(RoutesCompiler.scala:165)
	at scala.collection.TraversableLike.$anonfun$map$1(TraversableLike.scala:234)
	at scala.collection.immutable.List.foreach(List.scala:389)
	at scala.collection.TraversableLike.map(TraversableLike.scala:234)
	at scala.collection.TraversableLike.map$(TraversableLike.scala:227)
	at scala.collection.immutable.List.map(List.scala:295)
	at play.sbt.routes.RoutesCompiler$.compileRoutes(RoutesCompiler.scala:163)
	at play.sbt.routes.RoutesCompiler$.$anonfun$compileRoutesFiles$1(RoutesCompiler.scala:141)
	at scala.Function1.$anonfun$compose$1(Function1.scala:44)
	at sbt.internal.util.$tilde$greater.$anonfun$$u2219$1(TypeFunctions.scala:42)
	at sbt.std.Transform$$anon$4.work(System.scala:64)
	at sbt.Execute.$anonfun$submit$2(Execute.scala:257)
	at sbt.internal.util.ErrorHandling$.wideConvert(ErrorHandling.scala:16)
	at sbt.Execute.work(Execute.scala:266)
	at sbt.Execute.$anonfun$submit$1(Execute.scala:257)
	at sbt.ConcurrentRestrictions$$anon$4.$anonfun$submitValid$1(ConcurrentRestrictions.scala:167)
	at sbt.CompletionService$$anon$2.call(CompletionService.scala:32)
	at java.util.concurrent.FutureTask.run(FutureTask.java:266)
	at java.util.concurrent.Executors$RunnableAdapter.call(Executors.java:511)
	at java.util.concurrent.FutureTask.run(FutureTask.java:266)
	at java.util.concurrent.ThreadPoolExecutor.runWorker(ThreadPoolExecutor.java:1149)
	at java.util.concurrent.ThreadPoolExecutor$Worker.run(ThreadPoolExecutor.java:624)
	at java.lang.Thread.run(Thread.java:748)
2017-11-16 10:01:52,824 [ERROR] from application in play-dev-mode-akka.actor.default-dispatcher-5 - 

! @762j5j4jj - Internal server error, for (GET) [/about] ->
 
play.sbt.PlayExceptions$CompilationException: Compilation error[value about is not a member of controllers.HomeController]
	at play.sbt.PlayExceptions$CompilationException$.apply(PlayExceptions.scala:34)
	at play.sbt.PlayExceptions$CompilationException$.apply(PlayExceptions.scala:34)
	at scala.Option.map(Option.scala:146)
	at play.sbt.run.PlayReload$.$anonfun$taskFailureHandler$1(PlayReload.scala:33)
	at scala.Option.map(Option.scala:146)
	at play.sbt.run.PlayReload$.taskFailureHandler(PlayReload.scala:28)
	at play.sbt.run.PlayReload$.compileFailure(PlayReload.scala:24)
	at play.sbt.run.PlayReload$.$anonfun$compile$3(PlayReload.scala:51)
	at scala.util.Either$LeftProjection.map(Either.scala:573)
	at play.sbt.run.PlayReload$.compile(PlayReload.scala:51)
	at play.sbt.run.PlayRun$.$anonfun$playRunTask$4(PlayRun.scala:75)
	at play.runsupport.Reloader.$anonfun$reload$1(Reloader.scala:413)
	at play.runsupport.Reloader$$anon$5.run(Reloader.scala:51)
	at java.security.AccessController.doPrivileged(Native Method)
	at play.runsupport.Reloader$.play$runsupport$Reloader$$withReloaderContextClassLoader(Reloader.scala:56)
	at play.runsupport.Reloader.reload(Reloader.scala:413)
	at play.core.server.DevServerStart$$anon$1.get(DevServerStart.scala:123)
	at play.core.server.Server.getHandlerFor(Server.scala:63)
	at play.core.server.Server.getHandlerFor$(Server.scala:48)
	at play.core.server.AkkaHttpServer.getHandlerFor(AkkaHttpServer.scala:41)
	at play.core.server.AkkaHttpServer.getHandler(AkkaHttpServer.scala:214)
	at play.core.server.AkkaHttpServer.handleRequest(AkkaHttpServer.scala:194)
	at play.core.server.AkkaHttpServer.$anonfun$createServerBinding$3(AkkaHttpServer.scala:106)
	at akka.stream.impl.fusing.MapAsync$$anon$23.onPush(Ops.scala:1172)
	at akka.stream.impl.fusing.GraphInterpreter.processPush(GraphInterpreter.scala:499)
	at akka.stream.impl.fusing.GraphInterpreter.processEvent(GraphInterpreter.scala:462)
	at akka.stream.impl.fusing.GraphInterpreter.execute(GraphInterpreter.scala:368)
	at akka.stream.impl.fusing.GraphInterpreterShell.runBatch(ActorGraphInterpreter.scala:571)
	at akka.stream.impl.fusing.GraphInterpreterShell$AsyncInput.execute(ActorGraphInterpreter.scala:457)
	at akka.stream.impl.fusing.GraphInterpreterShell.processEvent(ActorGraphInterpreter.scala:546)
	at akka.stream.impl.fusing.ActorGraphInterpreter.akka$stream$impl$fusing$ActorGraphInterpreter$$processEvent(ActorGraphInterpreter.scala:728)
	at akka.stream.impl.fusing.ActorGraphInterpreter$$anonfun$receive$1.applyOrElse(ActorGraphInterpreter.scala:743)
	at akka.actor.Actor.aroundReceive(Actor.scala:517)
	at akka.actor.Actor.aroundReceive$(Actor.scala:515)
	at akka.stream.impl.fusing.ActorGraphInterpreter.aroundReceive(ActorGraphInterpreter.scala:653)
	at akka.actor.ActorCell.receiveMessage(ActorCell.scala:527)
	at akka.actor.ActorCell.invoke(ActorCell.scala:496)
	at akka.dispatch.Mailbox.processMailbox(Mailbox.scala:257)
	at akka.dispatch.Mailbox.run(Mailbox.scala:224)
	at akka.dispatch.Mailbox.exec(Mailbox.scala:234)
	at akka.dispatch.forkjoin.ForkJoinTask.doExec(ForkJoinTask.java:260)
	at akka.dispatch.forkjoin.ForkJoinPool$WorkQueue.runTask(ForkJoinPool.java:1339)
	at akka.dispatch.forkjoin.ForkJoinPool.runWorker(ForkJoinPool.java:1979)
	at akka.dispatch.forkjoin.ForkJoinWorkerThread.run(ForkJoinWorkerThread.java:107)
2017-11-16 10:02:49,398 [ERROR] from application in play-dev-mode-akka.actor.default-dispatcher-5 - 

! @762j5mabg - Internal server error, for (GET) [/about] ->
 
play.sbt.PlayExceptions$CompilationException: Compilation error[value about is not a member of controllers.HomeController]
	at play.sbt.PlayExceptions$CompilationException$.apply(PlayExceptions.scala:34)
	at play.sbt.PlayExceptions$CompilationException$.apply(PlayExceptions.scala:34)
	at scala.Option.map(Option.scala:146)
	at play.sbt.run.PlayReload$.$anonfun$taskFailureHandler$1(PlayReload.scala:33)
	at scala.Option.map(Option.scala:146)
	at play.sbt.run.PlayReload$.taskFailureHandler(PlayReload.scala:28)
	at play.sbt.run.PlayReload$.compileFailure(PlayReload.scala:24)
	at play.sbt.run.PlayReload$.$anonfun$compile$3(PlayReload.scala:51)
	at scala.util.Either$LeftProjection.map(Either.scala:573)
	at play.sbt.run.PlayReload$.compile(PlayReload.scala:51)
	at play.sbt.run.PlayRun$.$anonfun$playRunTask$4(PlayRun.scala:75)
	at play.runsupport.Reloader.$anonfun$reload$1(Reloader.scala:413)
	at play.runsupport.Reloader$$anon$5.run(Reloader.scala:51)
	at java.security.AccessController.doPrivileged(Native Method)
	at play.runsupport.Reloader$.play$runsupport$Reloader$$withReloaderContextClassLoader(Reloader.scala:56)
	at play.runsupport.Reloader.reload(Reloader.scala:413)
	at play.core.server.DevServerStart$$anon$1.get(DevServerStart.scala:123)
	at play.core.server.Server.getHandlerFor(Server.scala:63)
	at play.core.server.Server.getHandlerFor$(Server.scala:48)
	at play.core.server.AkkaHttpServer.getHandlerFor(AkkaHttpServer.scala:41)
	at play.core.server.AkkaHttpServer.getHandler(AkkaHttpServer.scala:214)
	at play.core.server.AkkaHttpServer.handleRequest(AkkaHttpServer.scala:194)
	at play.core.server.AkkaHttpServer.$anonfun$createServerBinding$3(AkkaHttpServer.scala:106)
	at akka.stream.impl.fusing.MapAsync$$anon$23.onPush(Ops.scala:1172)
	at akka.stream.impl.fusing.GraphInterpreter.processPush(GraphInterpreter.scala:499)
	at akka.stream.impl.fusing.GraphInterpreter.processEvent(GraphInterpreter.scala:462)
	at akka.stream.impl.fusing.GraphInterpreter.execute(GraphInterpreter.scala:368)
	at akka.stream.impl.fusing.GraphInterpreterShell.runBatch(ActorGraphInterpreter.scala:571)
	at akka.stream.impl.fusing.GraphInterpreterShell$AsyncInput.execute(ActorGraphInterpreter.scala:457)
	at akka.stream.impl.fusing.GraphInterpreterShell.processEvent(ActorGraphInterpreter.scala:546)
	at akka.stream.impl.fusing.ActorGraphInterpreter.akka$stream$impl$fusing$ActorGraphInterpreter$$processEvent(ActorGraphInterpreter.scala:728)
	at akka.stream.impl.fusing.ActorGraphInterpreter$$anonfun$receive$1.applyOrElse(ActorGraphInterpreter.scala:743)
	at akka.actor.Actor.aroundReceive(Actor.scala:517)
	at akka.actor.Actor.aroundReceive$(Actor.scala:515)
	at akka.stream.impl.fusing.ActorGraphInterpreter.aroundReceive(ActorGraphInterpreter.scala:653)
	at akka.actor.ActorCell.receiveMessage(ActorCell.scala:527)
	at akka.actor.ActorCell.invoke(ActorCell.scala:496)
	at akka.dispatch.Mailbox.processMailbox(Mailbox.scala:257)
	at akka.dispatch.Mailbox.run(Mailbox.scala:224)
	at akka.dispatch.Mailbox.exec(Mailbox.scala:234)
	at akka.dispatch.forkjoin.ForkJoinTask.doExec(ForkJoinTask.java:260)
	at akka.dispatch.forkjoin.ForkJoinPool$WorkQueue.runTask(ForkJoinPool.java:1339)
	at akka.dispatch.forkjoin.ForkJoinPool.runWorker(ForkJoinPool.java:1979)
	at akka.dispatch.forkjoin.ForkJoinWorkerThread.run(ForkJoinWorkerThread.java:107)
2017-11-16 10:04:40,446 [ERROR] from application in play-dev-mode-akka.actor.default-dispatcher-2 - 

! @762j62iij - Internal server error, for (GET) [/about] ->
 
play.sbt.PlayExceptions$CompilationException: Compilation error[value about is not a member of controllers.HomeController]
	at play.sbt.PlayExceptions$CompilationException$.apply(PlayExceptions.scala:34)
	at play.sbt.PlayExceptions$CompilationException$.apply(PlayExceptions.scala:34)
	at scala.Option.map(Option.scala:146)
	at play.sbt.run.PlayReload$.$anonfun$taskFailureHandler$1(PlayReload.scala:33)
	at scala.Option.map(Option.scala:146)
	at play.sbt.run.PlayReload$.taskFailureHandler(PlayReload.scala:28)
	at play.sbt.run.PlayReload$.compileFailure(PlayReload.scala:24)
	at play.sbt.run.PlayReload$.$anonfun$compile$3(PlayReload.scala:51)
	at scala.util.Either$LeftProjection.map(Either.scala:573)
	at play.sbt.run.PlayReload$.compile(PlayReload.scala:51)
	at play.sbt.run.PlayRun$.$anonfun$playRunTask$4(PlayRun.scala:75)
	at play.runsupport.Reloader.$anonfun$reload$1(Reloader.scala:413)
	at play.runsupport.Reloader$$anon$5.run(Reloader.scala:51)
	at java.security.AccessController.doPrivileged(Native Method)
	at play.runsupport.Reloader$.play$runsupport$Reloader$$withReloaderContextClassLoader(Reloader.scala:56)
	at play.runsupport.Reloader.reload(Reloader.scala:413)
	at play.core.server.DevServerStart$$anon$1.get(DevServerStart.scala:123)
	at play.core.server.Server.getHandlerFor(Server.scala:63)
	at play.core.server.Server.getHandlerFor$(Server.scala:48)
	at play.core.server.AkkaHttpServer.getHandlerFor(AkkaHttpServer.scala:41)
	at play.core.server.AkkaHttpServer.getHandler(AkkaHttpServer.scala:214)
	at play.core.server.AkkaHttpServer.handleRequest(AkkaHttpServer.scala:194)
	at play.core.server.AkkaHttpServer.$anonfun$createServerBinding$3(AkkaHttpServer.scala:106)
	at akka.stream.impl.fusing.MapAsync$$anon$23.onPush(Ops.scala:1172)
	at akka.stream.impl.fusing.GraphInterpreter.processPush(GraphInterpreter.scala:499)
	at akka.stream.impl.fusing.GraphInterpreter.processEvent(GraphInterpreter.scala:462)
	at akka.stream.impl.fusing.GraphInterpreter.execute(GraphInterpreter.scala:368)
	at akka.stream.impl.fusing.GraphInterpreterShell.runBatch(ActorGraphInterpreter.scala:571)
	at akka.stream.impl.fusing.GraphInterpreterShell$AsyncInput.execute(ActorGraphInterpreter.scala:457)
	at akka.stream.impl.fusing.GraphInterpreterShell.processEvent(ActorGraphInterpreter.scala:546)
	at akka.stream.impl.fusing.ActorGraphInterpreter.akka$stream$impl$fusing$ActorGraphInterpreter$$processEvent(ActorGraphInterpreter.scala:728)
	at akka.stream.impl.fusing.ActorGraphInterpreter$$anonfun$receive$1.applyOrElse(ActorGraphInterpreter.scala:743)
	at akka.actor.Actor.aroundReceive(Actor.scala:517)
	at akka.actor.Actor.aroundReceive$(Actor.scala:515)
	at akka.stream.impl.fusing.ActorGraphInterpreter.aroundReceive(ActorGraphInterpreter.scala:653)
	at akka.actor.ActorCell.receiveMessage(ActorCell.scala:527)
	at akka.actor.ActorCell.invoke(ActorCell.scala:496)
	at akka.dispatch.Mailbox.processMailbox(Mailbox.scala:257)
	at akka.dispatch.Mailbox.run(Mailbox.scala:224)
	at akka.dispatch.Mailbox.exec(Mailbox.scala:234)
	at akka.dispatch.forkjoin.ForkJoinTask.doExec(ForkJoinTask.java:260)
	at akka.dispatch.forkjoin.ForkJoinPool$WorkQueue.runTask(ForkJoinPool.java:1339)
	at akka.dispatch.forkjoin.ForkJoinPool.runWorker(ForkJoinPool.java:1979)
	at akka.dispatch.forkjoin.ForkJoinWorkerThread.run(ForkJoinWorkerThread.java:107)
2017-11-16 10:05:09,101 [ERROR] from application in play-dev-mode-akka.actor.default-dispatcher-7 - 

! @762j6492m - Internal server error, for (GET) [/about] ->
 
play.sbt.PlayExceptions$CompilationException: Compilation error[`}' expected but eof found.]
	at play.sbt.PlayExceptions$CompilationException$.apply(PlayExceptions.scala:34)
	at play.sbt.PlayExceptions$CompilationException$.apply(PlayExceptions.scala:34)
	at scala.Option.map(Option.scala:146)
	at play.sbt.run.PlayReload$.$anonfun$taskFailureHandler$1(PlayReload.scala:33)
	at scala.Option.map(Option.scala:146)
	at play.sbt.run.PlayReload$.taskFailureHandler(PlayReload.scala:28)
	at play.sbt.run.PlayReload$.compileFailure(PlayReload.scala:24)
	at play.sbt.run.PlayReload$.$anonfun$compile$3(PlayReload.scala:51)
	at scala.util.Either$LeftProjection.map(Either.scala:573)
	at play.sbt.run.PlayReload$.compile(PlayReload.scala:51)
	at play.sbt.run.PlayRun$.$anonfun$playRunTask$4(PlayRun.scala:75)
	at play.runsupport.Reloader.$anonfun$reload$1(Reloader.scala:413)
	at play.runsupport.Reloader$$anon$5.run(Reloader.scala:51)
	at java.security.AccessController.doPrivileged(Native Method)
	at play.runsupport.Reloader$.play$runsupport$Reloader$$withReloaderContextClassLoader(Reloader.scala:56)
	at play.runsupport.Reloader.reload(Reloader.scala:413)
	at play.core.server.DevServerStart$$anon$1.get(DevServerStart.scala:123)
	at play.core.server.Server.getHandlerFor(Server.scala:63)
	at play.core.server.Server.getHandlerFor$(Server.scala:48)
	at play.core.server.AkkaHttpServer.getHandlerFor(AkkaHttpServer.scala:41)
	at play.core.server.AkkaHttpServer.getHandler(AkkaHttpServer.scala:214)
	at play.core.server.AkkaHttpServer.handleRequest(AkkaHttpServer.scala:194)
	at play.core.server.AkkaHttpServer.$anonfun$createServerBinding$3(AkkaHttpServer.scala:106)
	at akka.stream.impl.fusing.MapAsync$$anon$23.onPush(Ops.scala:1172)
	at akka.stream.impl.fusing.GraphInterpreter.processPush(GraphInterpreter.scala:499)
	at akka.stream.impl.fusing.GraphInterpreter.processEvent(GraphInterpreter.scala:462)
	at akka.stream.impl.fusing.GraphInterpreter.execute(GraphInterpreter.scala:368)
	at akka.stream.impl.fusing.GraphInterpreterShell.runBatch(ActorGraphInterpreter.scala:571)
	at akka.stream.impl.fusing.GraphInterpreterShell$AsyncInput.execute(ActorGraphInterpreter.scala:457)
	at akka.stream.impl.fusing.GraphInterpreterShell.processEvent(ActorGraphInterpreter.scala:546)
	at akka.stream.impl.fusing.ActorGraphInterpreter.akka$stream$impl$fusing$ActorGraphInterpreter$$processEvent(ActorGraphInterpreter.scala:728)
	at akka.stream.impl.fusing.ActorGraphInterpreter$$anonfun$receive$1.applyOrElse(ActorGraphInterpreter.scala:743)
	at akka.actor.Actor.aroundReceive(Actor.scala:517)
	at akka.actor.Actor.aroundReceive$(Actor.scala:515)
	at akka.stream.impl.fusing.ActorGraphInterpreter.aroundReceive(ActorGraphInterpreter.scala:653)
	at akka.actor.ActorCell.receiveMessage(ActorCell.scala:527)
	at akka.actor.ActorCell.invoke(ActorCell.scala:496)
	at akka.dispatch.Mailbox.processMailbox(Mailbox.scala:257)
	at akka.dispatch.Mailbox.run(Mailbox.scala:224)
	at akka.dispatch.Mailbox.exec(Mailbox.scala:234)
	at akka.dispatch.forkjoin.ForkJoinTask.doExec(ForkJoinTask.java:260)
	at akka.dispatch.forkjoin.ForkJoinPool$WorkQueue.runTask(ForkJoinPool.java:1339)
	at akka.dispatch.forkjoin.ForkJoinPool.runWorker(ForkJoinPool.java:1979)
	at akka.dispatch.forkjoin.ForkJoinWorkerThread.run(ForkJoinWorkerThread.java:107)
2017-11-16 10:05:31,290 [INFO] from play.api.http.EnabledFilters in play-dev-mode-akka.actor.default-dispatcher-2 - Enabled Filters (see <https://www.playframework.com/documentation/latest/Filters>):

    play.filters.csrf.CSRFFilter
    play.filters.headers.SecurityHeadersFilter
    play.filters.hosts.AllowedHostsFilter

2017-11-16 10:05:31,298 [INFO] from play.api.Play in play-dev-mode-akka.actor.default-dispatcher-2 - Application started (Dev)
2017-11-16 10:17:12,154 [ERROR] from application in play-dev-mode-akka.actor.default-dispatcher-12 - 

! @762j7jcie - Internal server error, for (GET) [/about] ->
 
play.sbt.PlayExceptions$CompilationException: Compilation error[cannot find symbol
  symbol:   variable About
  location: class controllers.HomeController]
	at play.sbt.PlayExceptions$CompilationException$.apply(PlayExceptions.scala:34)
	at play.sbt.PlayExceptions$CompilationException$.apply(PlayExceptions.scala:34)
	at scala.Option.map(Option.scala:146)
	at play.sbt.run.PlayReload$.$anonfun$taskFailureHandler$1(PlayReload.scala:33)
	at scala.Option.map(Option.scala:146)
	at play.sbt.run.PlayReload$.taskFailureHandler(PlayReload.scala:28)
	at play.sbt.run.PlayReload$.compileFailure(PlayReload.scala:24)
	at play.sbt.run.PlayReload$.$anonfun$compile$3(PlayReload.scala:51)
	at scala.util.Either$LeftProjection.map(Either.scala:573)
	at play.sbt.run.PlayReload$.compile(PlayReload.scala:51)
	at play.sbt.run.PlayRun$.$anonfun$playRunTask$4(PlayRun.scala:75)
	at play.runsupport.Reloader.$anonfun$reload$1(Reloader.scala:413)
	at play.runsupport.Reloader$$anon$5.run(Reloader.scala:51)
	at java.security.AccessController.doPrivileged(Native Method)
	at play.runsupport.Reloader$.play$runsupport$Reloader$$withReloaderContextClassLoader(Reloader.scala:56)
	at play.runsupport.Reloader.reload(Reloader.scala:413)
	at play.core.server.DevServerStart$$anon$1.get(DevServerStart.scala:123)
	at play.core.server.Server.getHandlerFor(Server.scala:63)
	at play.core.server.Server.getHandlerFor$(Server.scala:48)
	at play.core.server.AkkaHttpServer.getHandlerFor(AkkaHttpServer.scala:41)
	at play.core.server.AkkaHttpServer.getHandler(AkkaHttpServer.scala:214)
	at play.core.server.AkkaHttpServer.handleRequest(AkkaHttpServer.scala:194)
	at play.core.server.AkkaHttpServer.$anonfun$createServerBinding$3(AkkaHttpServer.scala:106)
	at akka.stream.impl.fusing.MapAsync$$anon$23.onPush(Ops.scala:1172)
	at akka.stream.impl.fusing.GraphInterpreter.processPush(GraphInterpreter.scala:499)
	at akka.stream.impl.fusing.GraphInterpreter.processEvent(GraphInterpreter.scala:462)
	at akka.stream.impl.fusing.GraphInterpreter.execute(GraphInterpreter.scala:368)
	at akka.stream.impl.fusing.GraphInterpreterShell.runBatch(ActorGraphInterpreter.scala:571)
	at akka.stream.impl.fusing.GraphInterpreterShell$AsyncInput.execute(ActorGraphInterpreter.scala:457)
	at akka.stream.impl.fusing.GraphInterpreterShell.processEvent(ActorGraphInterpreter.scala:546)
	at akka.stream.impl.fusing.ActorGraphInterpreter.akka$stream$impl$fusing$ActorGraphInterpreter$$processEvent(ActorGraphInterpreter.scala:728)
	at akka.stream.impl.fusing.ActorGraphInterpreter$$anonfun$receive$1.applyOrElse(ActorGraphInterpreter.scala:743)
	at akka.actor.Actor.aroundReceive(Actor.scala:517)
	at akka.actor.Actor.aroundReceive$(Actor.scala:515)
	at akka.stream.impl.fusing.ActorGraphInterpreter.aroundReceive(ActorGraphInterpreter.scala:653)
	at akka.actor.ActorCell.receiveMessage(ActorCell.scala:527)
	at akka.actor.ActorCell.invoke(ActorCell.scala:496)
	at akka.dispatch.Mailbox.processMailbox(Mailbox.scala:257)
	at akka.dispatch.Mailbox.run(Mailbox.scala:224)
	at akka.dispatch.Mailbox.exec(Mailbox.scala:234)
	at akka.dispatch.forkjoin.ForkJoinTask.doExec(ForkJoinTask.java:260)
	at akka.dispatch.forkjoin.ForkJoinPool$WorkQueue.runTask(ForkJoinPool.java:1339)
	at akka.dispatch.forkjoin.ForkJoinPool.runWorker(ForkJoinPool.java:1979)
	at akka.dispatch.forkjoin.ForkJoinWorkerThread.run(ForkJoinWorkerThread.java:107)
2017-11-16 10:18:47,185 [ERROR] from application in play-dev-mode-akka.actor.default-dispatcher-7 - 

! @762j7on7f - Internal server error, for (GET) [/about] ->
 
play.sbt.PlayExceptions$CompilationException: Compilation error[cannot find symbol
  symbol:   variable About
  location: class controllers.HomeController]
	at play.sbt.PlayExceptions$CompilationException$.apply(PlayExceptions.scala:34)
	at play.sbt.PlayExceptions$CompilationException$.apply(PlayExceptions.scala:34)
	at scala.Option.map(Option.scala:146)
	at play.sbt.run.PlayReload$.$anonfun$taskFailureHandler$1(PlayReload.scala:33)
	at scala.Option.map(Option.scala:146)
	at play.sbt.run.PlayReload$.taskFailureHandler(PlayReload.scala:28)
	at play.sbt.run.PlayReload$.compileFailure(PlayReload.scala:24)
	at play.sbt.run.PlayReload$.$anonfun$compile$3(PlayReload.scala:51)
	at scala.util.Either$LeftProjection.map(Either.scala:573)
	at play.sbt.run.PlayReload$.compile(PlayReload.scala:51)
	at play.sbt.run.PlayRun$.$anonfun$playRunTask$4(PlayRun.scala:75)
	at play.runsupport.Reloader.$anonfun$reload$1(Reloader.scala:413)
	at play.runsupport.Reloader$$anon$5.run(Reloader.scala:51)
	at java.security.AccessController.doPrivileged(Native Method)
	at play.runsupport.Reloader$.play$runsupport$Reloader$$withReloaderContextClassLoader(Reloader.scala:56)
	at play.runsupport.Reloader.reload(Reloader.scala:413)
	at play.core.server.DevServerStart$$anon$1.get(DevServerStart.scala:123)
	at play.core.server.Server.getHandlerFor(Server.scala:63)
	at play.core.server.Server.getHandlerFor$(Server.scala:48)
	at play.core.server.AkkaHttpServer.getHandlerFor(AkkaHttpServer.scala:41)
	at play.core.server.AkkaHttpServer.getHandler(AkkaHttpServer.scala:214)
	at play.core.server.AkkaHttpServer.handleRequest(AkkaHttpServer.scala:194)
	at play.core.server.AkkaHttpServer.$anonfun$createServerBinding$3(AkkaHttpServer.scala:106)
	at akka.stream.impl.fusing.MapAsync$$anon$23.onPush(Ops.scala:1172)
	at akka.stream.impl.fusing.GraphInterpreter.processPush(GraphInterpreter.scala:499)
	at akka.stream.impl.fusing.GraphInterpreter.processEvent(GraphInterpreter.scala:462)
	at akka.stream.impl.fusing.GraphInterpreter.execute(GraphInterpreter.scala:368)
	at akka.stream.impl.fusing.GraphInterpreterShell.runBatch(ActorGraphInterpreter.scala:571)
	at akka.stream.impl.fusing.GraphInterpreterShell$AsyncInput.execute(ActorGraphInterpreter.scala:457)
	at akka.stream.impl.fusing.GraphInterpreterShell.processEvent(ActorGraphInterpreter.scala:546)
	at akka.stream.impl.fusing.ActorGraphInterpreter.akka$stream$impl$fusing$ActorGraphInterpreter$$processEvent(ActorGraphInterpreter.scala:728)
	at akka.stream.impl.fusing.ActorGraphInterpreter$$anonfun$receive$1.applyOrElse(ActorGraphInterpreter.scala:743)
	at akka.actor.Actor.aroundReceive(Actor.scala:517)
	at akka.actor.Actor.aroundReceive$(Actor.scala:515)
	at akka.stream.impl.fusing.ActorGraphInterpreter.aroundReceive(ActorGraphInterpreter.scala:653)
	at akka.actor.ActorCell.receiveMessage(ActorCell.scala:527)
	at akka.actor.ActorCell.invoke(ActorCell.scala:496)
	at akka.dispatch.Mailbox.processMailbox(Mailbox.scala:257)
	at akka.dispatch.Mailbox.run(Mailbox.scala:224)
	at akka.dispatch.Mailbox.exec(Mailbox.scala:234)
	at akka.dispatch.forkjoin.ForkJoinTask.doExec(ForkJoinTask.java:260)
	at akka.dispatch.forkjoin.ForkJoinPool$WorkQueue.runTask(ForkJoinPool.java:1339)
	at akka.dispatch.forkjoin.ForkJoinPool.runWorker(ForkJoinPool.java:1979)
	at akka.dispatch.forkjoin.ForkJoinWorkerThread.run(ForkJoinWorkerThread.java:107)
2017-11-16 10:18:57,857 [ERROR] from application in play-dev-mode-akka.actor.default-dispatcher-15 - 

! @762j7pd22 - Internal server error, for (GET) [/about] ->
 
play.sbt.PlayExceptions$CompilationException: Compilation error[cannot find symbol
  symbol:   variable About
  location: class controllers.HomeController]
	at play.sbt.PlayExceptions$CompilationException$.apply(PlayExceptions.scala:34)
	at play.sbt.PlayExceptions$CompilationException$.apply(PlayExceptions.scala:34)
	at scala.Option.map(Option.scala:146)
	at play.sbt.run.PlayReload$.$anonfun$taskFailureHandler$1(PlayReload.scala:33)
	at scala.Option.map(Option.scala:146)
	at play.sbt.run.PlayReload$.taskFailureHandler(PlayReload.scala:28)
	at play.sbt.run.PlayReload$.compileFailure(PlayReload.scala:24)
	at play.sbt.run.PlayReload$.$anonfun$compile$3(PlayReload.scala:51)
	at scala.util.Either$LeftProjection.map(Either.scala:573)
	at play.sbt.run.PlayReload$.compile(PlayReload.scala:51)
	at play.sbt.run.PlayRun$.$anonfun$playRunTask$4(PlayRun.scala:75)
	at play.runsupport.Reloader.$anonfun$reload$1(Reloader.scala:413)
	at play.runsupport.Reloader$$anon$5.run(Reloader.scala:51)
	at java.security.AccessController.doPrivileged(Native Method)
	at play.runsupport.Reloader$.play$runsupport$Reloader$$withReloaderContextClassLoader(Reloader.scala:56)
	at play.runsupport.Reloader.reload(Reloader.scala:413)
	at play.core.server.DevServerStart$$anon$1.get(DevServerStart.scala:123)
	at play.core.server.Server.getHandlerFor(Server.scala:63)
	at play.core.server.Server.getHandlerFor$(Server.scala:48)
	at play.core.server.AkkaHttpServer.getHandlerFor(AkkaHttpServer.scala:41)
	at play.core.server.AkkaHttpServer.getHandler(AkkaHttpServer.scala:214)
	at play.core.server.AkkaHttpServer.handleRequest(AkkaHttpServer.scala:194)
	at play.core.server.AkkaHttpServer.$anonfun$createServerBinding$3(AkkaHttpServer.scala:106)
	at akka.stream.impl.fusing.MapAsync$$anon$23.onPush(Ops.scala:1172)
	at akka.stream.impl.fusing.GraphInterpreter.processPush(GraphInterpreter.scala:499)
	at akka.stream.impl.fusing.GraphInterpreter.processEvent(GraphInterpreter.scala:462)
	at akka.stream.impl.fusing.GraphInterpreter.execute(GraphInterpreter.scala:368)
	at akka.stream.impl.fusing.GraphInterpreterShell.runBatch(ActorGraphInterpreter.scala:571)
	at akka.stream.impl.fusing.GraphInterpreterShell$AsyncInput.execute(ActorGraphInterpreter.scala:457)
	at akka.stream.impl.fusing.GraphInterpreterShell.processEvent(ActorGraphInterpreter.scala:546)
	at akka.stream.impl.fusing.ActorGraphInterpreter.akka$stream$impl$fusing$ActorGraphInterpreter$$processEvent(ActorGraphInterpreter.scala:728)
	at akka.stream.impl.fusing.ActorGraphInterpreter$$anonfun$receive$1.applyOrElse(ActorGraphInterpreter.scala:743)
	at akka.actor.Actor.aroundReceive(Actor.scala:517)
	at akka.actor.Actor.aroundReceive$(Actor.scala:515)
	at akka.stream.impl.fusing.ActorGraphInterpreter.aroundReceive(ActorGraphInterpreter.scala:653)
	at akka.actor.ActorCell.receiveMessage(ActorCell.scala:527)
	at akka.actor.ActorCell.invoke(ActorCell.scala:496)
	at akka.dispatch.Mailbox.processMailbox(Mailbox.scala:257)
	at akka.dispatch.Mailbox.run(Mailbox.scala:224)
	at akka.dispatch.Mailbox.exec(Mailbox.scala:234)
	at akka.dispatch.forkjoin.ForkJoinTask.doExec(ForkJoinTask.java:260)
	at akka.dispatch.forkjoin.ForkJoinPool$WorkQueue.runTask(ForkJoinPool.java:1339)
	at akka.dispatch.forkjoin.ForkJoinPool.runWorker(ForkJoinPool.java:1979)
	at akka.dispatch.forkjoin.ForkJoinWorkerThread.run(ForkJoinWorkerThread.java:107)
2017-11-16 10:19:02,891 [ERROR] from application in play-dev-mode-akka.actor.default-dispatcher-15 - 

! @762j7pkdi - Internal server error, for (GET) [/about] ->
 
play.sbt.PlayExceptions$CompilationException: Compilation error[cannot find symbol
  symbol:   variable About
  location: class controllers.HomeController]
	at play.sbt.PlayExceptions$CompilationException$.apply(PlayExceptions.scala:34)
	at play.sbt.PlayExceptions$CompilationException$.apply(PlayExceptions.scala:34)
	at scala.Option.map(Option.scala:146)
	at play.sbt.run.PlayReload$.$anonfun$taskFailureHandler$1(PlayReload.scala:33)
	at scala.Option.map(Option.scala:146)
	at play.sbt.run.PlayReload$.taskFailureHandler(PlayReload.scala:28)
	at play.sbt.run.PlayReload$.compileFailure(PlayReload.scala:24)
	at play.sbt.run.PlayReload$.$anonfun$compile$3(PlayReload.scala:51)
	at scala.util.Either$LeftProjection.map(Either.scala:573)
	at play.sbt.run.PlayReload$.compile(PlayReload.scala:51)
	at play.sbt.run.PlayRun$.$anonfun$playRunTask$4(PlayRun.scala:75)
	at play.runsupport.Reloader.$anonfun$reload$1(Reloader.scala:413)
	at play.runsupport.Reloader$$anon$5.run(Reloader.scala:51)
	at java.security.AccessController.doPrivileged(Native Method)
	at play.runsupport.Reloader$.play$runsupport$Reloader$$withReloaderContextClassLoader(Reloader.scala:56)
	at play.runsupport.Reloader.reload(Reloader.scala:413)
	at play.core.server.DevServerStart$$anon$1.get(DevServerStart.scala:123)
	at play.core.server.Server.getHandlerFor(Server.scala:63)
	at play.core.server.Server.getHandlerFor$(Server.scala:48)
	at play.core.server.AkkaHttpServer.getHandlerFor(AkkaHttpServer.scala:41)
	at play.core.server.AkkaHttpServer.getHandler(AkkaHttpServer.scala:214)
	at play.core.server.AkkaHttpServer.handleRequest(AkkaHttpServer.scala:194)
	at play.core.server.AkkaHttpServer.$anonfun$createServerBinding$3(AkkaHttpServer.scala:106)
	at akka.stream.impl.fusing.MapAsync$$anon$23.onPush(Ops.scala:1172)
	at akka.stream.impl.fusing.GraphInterpreter.processPush(GraphInterpreter.scala:499)
	at akka.stream.impl.fusing.GraphInterpreter.processEvent(GraphInterpreter.scala:462)
	at akka.stream.impl.fusing.GraphInterpreter.execute(GraphInterpreter.scala:368)
	at akka.stream.impl.fusing.GraphInterpreterShell.runBatch(ActorGraphInterpreter.scala:571)
	at akka.stream.impl.fusing.GraphInterpreterShell$AsyncInput.execute(ActorGraphInterpreter.scala:457)
	at akka.stream.impl.fusing.GraphInterpreterShell.processEvent(ActorGraphInterpreter.scala:546)
	at akka.stream.impl.fusing.ActorGraphInterpreter.akka$stream$impl$fusing$ActorGraphInterpreter$$processEvent(ActorGraphInterpreter.scala:728)
	at akka.stream.impl.fusing.ActorGraphInterpreter$$anonfun$receive$1.applyOrElse(ActorGraphInterpreter.scala:743)
	at akka.actor.Actor.aroundReceive(Actor.scala:517)
	at akka.actor.Actor.aroundReceive$(Actor.scala:515)
	at akka.stream.impl.fusing.ActorGraphInterpreter.aroundReceive(ActorGraphInterpreter.scala:653)
	at akka.actor.ActorCell.receiveMessage(ActorCell.scala:527)
	at akka.actor.ActorCell.invoke(ActorCell.scala:496)
	at akka.dispatch.Mailbox.processMailbox(Mailbox.scala:257)
	at akka.dispatch.Mailbox.run(Mailbox.scala:224)
	at akka.dispatch.Mailbox.exec(Mailbox.scala:234)
	at akka.dispatch.forkjoin.ForkJoinTask.doExec(ForkJoinTask.java:260)
	at akka.dispatch.forkjoin.ForkJoinPool$WorkQueue.runTask(ForkJoinPool.java:1339)
	at akka.dispatch.forkjoin.ForkJoinPool.runWorker(ForkJoinPool.java:1979)
	at akka.dispatch.forkjoin.ForkJoinWorkerThread.run(ForkJoinWorkerThread.java:107)
2017-11-16 10:22:03,238 [ERROR] from application in play-dev-mode-akka.actor.default-dispatcher-17 - 

! @762j8a182 - Internal server error, for (GET) [/about] ->
 
play.sbt.PlayExceptions$CompilationException: Compilation error[cannot find symbol
  symbol:   variable About
  location: class controllers.HomeController]
	at play.sbt.PlayExceptions$CompilationException$.apply(PlayExceptions.scala:34)
	at play.sbt.PlayExceptions$CompilationException$.apply(PlayExceptions.scala:34)
	at scala.Option.map(Option.scala:146)
	at play.sbt.run.PlayReload$.$anonfun$taskFailureHandler$1(PlayReload.scala:33)
	at scala.Option.map(Option.scala:146)
	at play.sbt.run.PlayReload$.taskFailureHandler(PlayReload.scala:28)
	at play.sbt.run.PlayReload$.compileFailure(PlayReload.scala:24)
	at play.sbt.run.PlayReload$.$anonfun$compile$3(PlayReload.scala:51)
	at scala.util.Either$LeftProjection.map(Either.scala:573)
	at play.sbt.run.PlayReload$.compile(PlayReload.scala:51)
	at play.sbt.run.PlayRun$.$anonfun$playRunTask$4(PlayRun.scala:75)
	at play.runsupport.Reloader.$anonfun$reload$1(Reloader.scala:413)
	at play.runsupport.Reloader$$anon$5.run(Reloader.scala:51)
	at java.security.AccessController.doPrivileged(Native Method)
	at play.runsupport.Reloader$.play$runsupport$Reloader$$withReloaderContextClassLoader(Reloader.scala:56)
	at play.runsupport.Reloader.reload(Reloader.scala:413)
	at play.core.server.DevServerStart$$anon$1.get(DevServerStart.scala:123)
	at play.core.server.Server.getHandlerFor(Server.scala:63)
	at play.core.server.Server.getHandlerFor$(Server.scala:48)
	at play.core.server.AkkaHttpServer.getHandlerFor(AkkaHttpServer.scala:41)
	at play.core.server.AkkaHttpServer.getHandler(AkkaHttpServer.scala:214)
	at play.core.server.AkkaHttpServer.handleRequest(AkkaHttpServer.scala:194)
	at play.core.server.AkkaHttpServer.$anonfun$createServerBinding$3(AkkaHttpServer.scala:106)
	at akka.stream.impl.fusing.MapAsync$$anon$23.onPush(Ops.scala:1172)
	at akka.stream.impl.fusing.GraphInterpreter.processPush(GraphInterpreter.scala:499)
	at akka.stream.impl.fusing.GraphInterpreter.processEvent(GraphInterpreter.scala:462)
	at akka.stream.impl.fusing.GraphInterpreter.execute(GraphInterpreter.scala:368)
	at akka.stream.impl.fusing.GraphInterpreterShell.runBatch(ActorGraphInterpreter.scala:571)
	at akka.stream.impl.fusing.GraphInterpreterShell$AsyncInput.execute(ActorGraphInterpreter.scala:457)
	at akka.stream.impl.fusing.GraphInterpreterShell.processEvent(ActorGraphInterpreter.scala:546)
	at akka.stream.impl.fusing.ActorGraphInterpreter.akka$stream$impl$fusing$ActorGraphInterpreter$$processEvent(ActorGraphInterpreter.scala:728)
	at akka.stream.impl.fusing.ActorGraphInterpreter$$anonfun$receive$1.applyOrElse(ActorGraphInterpreter.scala:743)
	at akka.actor.Actor.aroundReceive(Actor.scala:517)
	at akka.actor.Actor.aroundReceive$(Actor.scala:515)
	at akka.stream.impl.fusing.ActorGraphInterpreter.aroundReceive(ActorGraphInterpreter.scala:653)
	at akka.actor.ActorCell.receiveMessage(ActorCell.scala:527)
	at akka.actor.ActorCell.invoke(ActorCell.scala:496)
	at akka.dispatch.Mailbox.processMailbox(Mailbox.scala:257)
	at akka.dispatch.Mailbox.run(Mailbox.scala:224)
	at akka.dispatch.Mailbox.exec(Mailbox.scala:234)
	at akka.dispatch.forkjoin.ForkJoinTask.doExec(ForkJoinTask.java:260)
	at akka.dispatch.forkjoin.ForkJoinPool$WorkQueue.runTask(ForkJoinPool.java:1339)
	at akka.dispatch.forkjoin.ForkJoinPool.runWorker(ForkJoinPool.java:1979)
	at akka.dispatch.forkjoin.ForkJoinWorkerThread.run(ForkJoinWorkerThread.java:107)
2017-11-16 10:22:46,673 [ERROR] from application in play-dev-mode-akka.actor.default-dispatcher-21 - 

! @762j8cdei - Internal server error, for (GET) [/about] ->
 
play.sbt.PlayExceptions$CompilationException: Compilation error[cannot find symbol
  symbol:   variable About
  location: class controllers.HomeController]
	at play.sbt.PlayExceptions$CompilationException$.apply(PlayExceptions.scala:34)
	at play.sbt.PlayExceptions$CompilationException$.apply(PlayExceptions.scala:34)
	at scala.Option.map(Option.scala:146)
	at play.sbt.run.PlayReload$.$anonfun$taskFailureHandler$1(PlayReload.scala:33)
	at scala.Option.map(Option.scala:146)
	at play.sbt.run.PlayReload$.taskFailureHandler(PlayReload.scala:28)
	at play.sbt.run.PlayReload$.compileFailure(PlayReload.scala:24)
	at play.sbt.run.PlayReload$.$anonfun$compile$3(PlayReload.scala:51)
	at scala.util.Either$LeftProjection.map(Either.scala:573)
	at play.sbt.run.PlayReload$.compile(PlayReload.scala:51)
	at play.sbt.run.PlayRun$.$anonfun$playRunTask$4(PlayRun.scala:75)
	at play.runsupport.Reloader.$anonfun$reload$1(Reloader.scala:413)
	at play.runsupport.Reloader$$anon$5.run(Reloader.scala:51)
	at java.security.AccessController.doPrivileged(Native Method)
	at play.runsupport.Reloader$.play$runsupport$Reloader$$withReloaderContextClassLoader(Reloader.scala:56)
	at play.runsupport.Reloader.reload(Reloader.scala:413)
	at play.core.server.DevServerStart$$anon$1.get(DevServerStart.scala:123)
	at play.core.server.Server.getHandlerFor(Server.scala:63)
	at play.core.server.Server.getHandlerFor$(Server.scala:48)
	at play.core.server.AkkaHttpServer.getHandlerFor(AkkaHttpServer.scala:41)
	at play.core.server.AkkaHttpServer.getHandler(AkkaHttpServer.scala:214)
	at play.core.server.AkkaHttpServer.handleRequest(AkkaHttpServer.scala:194)
	at play.core.server.AkkaHttpServer.$anonfun$createServerBinding$3(AkkaHttpServer.scala:106)
	at akka.stream.impl.fusing.MapAsync$$anon$23.onPush(Ops.scala:1172)
	at akka.stream.impl.fusing.GraphInterpreter.processPush(GraphInterpreter.scala:499)
	at akka.stream.impl.fusing.GraphInterpreter.processEvent(GraphInterpreter.scala:462)
	at akka.stream.impl.fusing.GraphInterpreter.execute(GraphInterpreter.scala:368)
	at akka.stream.impl.fusing.GraphInterpreterShell.runBatch(ActorGraphInterpreter.scala:571)
	at akka.stream.impl.fusing.GraphInterpreterShell$AsyncInput.execute(ActorGraphInterpreter.scala:457)
	at akka.stream.impl.fusing.GraphInterpreterShell.processEvent(ActorGraphInterpreter.scala:546)
	at akka.stream.impl.fusing.ActorGraphInterpreter.akka$stream$impl$fusing$ActorGraphInterpreter$$processEvent(ActorGraphInterpreter.scala:728)
	at akka.stream.impl.fusing.ActorGraphInterpreter$$anonfun$receive$1.applyOrElse(ActorGraphInterpreter.scala:743)
	at akka.actor.Actor.aroundReceive(Actor.scala:517)
	at akka.actor.Actor.aroundReceive$(Actor.scala:515)
	at akka.stream.impl.fusing.ActorGraphInterpreter.aroundReceive(ActorGraphInterpreter.scala:653)
	at akka.actor.ActorCell.receiveMessage(ActorCell.scala:527)
	at akka.actor.ActorCell.invoke(ActorCell.scala:496)
	at akka.dispatch.Mailbox.processMailbox(Mailbox.scala:257)
	at akka.dispatch.Mailbox.run(Mailbox.scala:224)
	at akka.dispatch.Mailbox.exec(Mailbox.scala:234)
	at akka.dispatch.forkjoin.ForkJoinTask.doExec(ForkJoinTask.java:260)
	at akka.dispatch.forkjoin.ForkJoinPool$WorkQueue.runTask(ForkJoinPool.java:1339)
	at akka.dispatch.forkjoin.ForkJoinPool.runWorker(ForkJoinPool.java:1979)
	at akka.dispatch.forkjoin.ForkJoinWorkerThread.run(ForkJoinWorkerThread.java:107)
2017-11-16 10:23:14,102 [ERROR] from application in play-dev-mode-akka.actor.default-dispatcher-21 - 

! @762j8e23g - Internal server error, for (GET) [/about] ->
 
play.sbt.PlayExceptions$CompilationException: Compilation error[cannot find symbol
  symbol:   variable About
  location: class controllers.HomeController]
	at play.sbt.PlayExceptions$CompilationException$.apply(PlayExceptions.scala:34)
	at play.sbt.PlayExceptions$CompilationException$.apply(PlayExceptions.scala:34)
	at scala.Option.map(Option.scala:146)
	at play.sbt.run.PlayReload$.$anonfun$taskFailureHandler$1(PlayReload.scala:33)
	at scala.Option.map(Option.scala:146)
	at play.sbt.run.PlayReload$.taskFailureHandler(PlayReload.scala:28)
	at play.sbt.run.PlayReload$.compileFailure(PlayReload.scala:24)
	at play.sbt.run.PlayReload$.$anonfun$compile$3(PlayReload.scala:51)
	at scala.util.Either$LeftProjection.map(Either.scala:573)
	at play.sbt.run.PlayReload$.compile(PlayReload.scala:51)
	at play.sbt.run.PlayRun$.$anonfun$playRunTask$4(PlayRun.scala:75)
	at play.runsupport.Reloader.$anonfun$reload$1(Reloader.scala:413)
	at play.runsupport.Reloader$$anon$5.run(Reloader.scala:51)
	at java.security.AccessController.doPrivileged(Native Method)
	at play.runsupport.Reloader$.play$runsupport$Reloader$$withReloaderContextClassLoader(Reloader.scala:56)
	at play.runsupport.Reloader.reload(Reloader.scala:413)
	at play.core.server.DevServerStart$$anon$1.get(DevServerStart.scala:123)
	at play.core.server.Server.getHandlerFor(Server.scala:63)
	at play.core.server.Server.getHandlerFor$(Server.scala:48)
	at play.core.server.AkkaHttpServer.getHandlerFor(AkkaHttpServer.scala:41)
	at play.core.server.AkkaHttpServer.getHandler(AkkaHttpServer.scala:214)
	at play.core.server.AkkaHttpServer.handleRequest(AkkaHttpServer.scala:194)
	at play.core.server.AkkaHttpServer.$anonfun$createServerBinding$3(AkkaHttpServer.scala:106)
	at akka.stream.impl.fusing.MapAsync$$anon$23.onPush(Ops.scala:1172)
	at akka.stream.impl.fusing.GraphInterpreter.processPush(GraphInterpreter.scala:499)
	at akka.stream.impl.fusing.GraphInterpreter.processEvent(GraphInterpreter.scala:462)
	at akka.stream.impl.fusing.GraphInterpreter.execute(GraphInterpreter.scala:368)
	at akka.stream.impl.fusing.GraphInterpreterShell.runBatch(ActorGraphInterpreter.scala:571)
	at akka.stream.impl.fusing.GraphInterpreterShell$AsyncInput.execute(ActorGraphInterpreter.scala:457)
	at akka.stream.impl.fusing.GraphInterpreterShell.processEvent(ActorGraphInterpreter.scala:546)
	at akka.stream.impl.fusing.ActorGraphInterpreter.akka$stream$impl$fusing$ActorGraphInterpreter$$processEvent(ActorGraphInterpreter.scala:728)
	at akka.stream.impl.fusing.ActorGraphInterpreter$$anonfun$receive$1.applyOrElse(ActorGraphInterpreter.scala:743)
	at akka.actor.Actor.aroundReceive(Actor.scala:517)
	at akka.actor.Actor.aroundReceive$(Actor.scala:515)
	at akka.stream.impl.fusing.ActorGraphInterpreter.aroundReceive(ActorGraphInterpreter.scala:653)
	at akka.actor.ActorCell.receiveMessage(ActorCell.scala:527)
	at akka.actor.ActorCell.invoke(ActorCell.scala:496)
	at akka.dispatch.Mailbox.processMailbox(Mailbox.scala:257)
	at akka.dispatch.Mailbox.run(Mailbox.scala:224)
	at akka.dispatch.Mailbox.exec(Mailbox.scala:234)
	at akka.dispatch.forkjoin.ForkJoinTask.doExec(ForkJoinTask.java:260)
	at akka.dispatch.forkjoin.ForkJoinPool$WorkQueue.runTask(ForkJoinPool.java:1339)
	at akka.dispatch.forkjoin.ForkJoinPool.runWorker(ForkJoinPool.java:1979)
	at akka.dispatch.forkjoin.ForkJoinWorkerThread.run(ForkJoinWorkerThread.java:107)
2017-11-16 10:23:44,628 [ERROR] from application in play-dev-mode-akka.actor.default-dispatcher-21 - 

! @762j8fl7j - Internal server error, for (GET) [/about] ->
 
play.sbt.PlayExceptions$CompilationException: Compilation error[cannot find symbol
  symbol:   variable About
  location: class controllers.HomeController]
	at play.sbt.PlayExceptions$CompilationException$.apply(PlayExceptions.scala:34)
	at play.sbt.PlayExceptions$CompilationException$.apply(PlayExceptions.scala:34)
	at scala.Option.map(Option.scala:146)
	at play.sbt.run.PlayReload$.$anonfun$taskFailureHandler$1(PlayReload.scala:33)
	at scala.Option.map(Option.scala:146)
	at play.sbt.run.PlayReload$.taskFailureHandler(PlayReload.scala:28)
	at play.sbt.run.PlayReload$.compileFailure(PlayReload.scala:24)
	at play.sbt.run.PlayReload$.$anonfun$compile$3(PlayReload.scala:51)
	at scala.util.Either$LeftProjection.map(Either.scala:573)
	at play.sbt.run.PlayReload$.compile(PlayReload.scala:51)
	at play.sbt.run.PlayRun$.$anonfun$playRunTask$4(PlayRun.scala:75)
	at play.runsupport.Reloader.$anonfun$reload$1(Reloader.scala:413)
	at play.runsupport.Reloader$$anon$5.run(Reloader.scala:51)
	at java.security.AccessController.doPrivileged(Native Method)
	at play.runsupport.Reloader$.play$runsupport$Reloader$$withReloaderContextClassLoader(Reloader.scala:56)
	at play.runsupport.Reloader.reload(Reloader.scala:413)
	at play.core.server.DevServerStart$$anon$1.get(DevServerStart.scala:123)
	at play.core.server.Server.getHandlerFor(Server.scala:63)
	at play.core.server.Server.getHandlerFor$(Server.scala:48)
	at play.core.server.AkkaHttpServer.getHandlerFor(AkkaHttpServer.scala:41)
	at play.core.server.AkkaHttpServer.getHandler(AkkaHttpServer.scala:214)
	at play.core.server.AkkaHttpServer.handleRequest(AkkaHttpServer.scala:194)
	at play.core.server.AkkaHttpServer.$anonfun$createServerBinding$3(AkkaHttpServer.scala:106)
	at akka.stream.impl.fusing.MapAsync$$anon$23.onPush(Ops.scala:1172)
	at akka.stream.impl.fusing.GraphInterpreter.processPush(GraphInterpreter.scala:499)
	at akka.stream.impl.fusing.GraphInterpreter.processEvent(GraphInterpreter.scala:462)
	at akka.stream.impl.fusing.GraphInterpreter.execute(GraphInterpreter.scala:368)
	at akka.stream.impl.fusing.GraphInterpreterShell.runBatch(ActorGraphInterpreter.scala:571)
	at akka.stream.impl.fusing.GraphInterpreterShell$AsyncInput.execute(ActorGraphInterpreter.scala:457)
	at akka.stream.impl.fusing.GraphInterpreterShell.processEvent(ActorGraphInterpreter.scala:546)
	at akka.stream.impl.fusing.ActorGraphInterpreter.akka$stream$impl$fusing$ActorGraphInterpreter$$processEvent(ActorGraphInterpreter.scala:728)
	at akka.stream.impl.fusing.ActorGraphInterpreter$$anonfun$receive$1.applyOrElse(ActorGraphInterpreter.scala:743)
	at akka.actor.Actor.aroundReceive(Actor.scala:517)
	at akka.actor.Actor.aroundReceive$(Actor.scala:515)
	at akka.stream.impl.fusing.ActorGraphInterpreter.aroundReceive(ActorGraphInterpreter.scala:653)
	at akka.actor.ActorCell.receiveMessage(ActorCell.scala:527)
	at akka.actor.ActorCell.invoke(ActorCell.scala:496)
	at akka.dispatch.Mailbox.processMailbox(Mailbox.scala:257)
	at akka.dispatch.Mailbox.run(Mailbox.scala:224)
	at akka.dispatch.Mailbox.exec(Mailbox.scala:234)
	at akka.dispatch.forkjoin.ForkJoinTask.doExec(ForkJoinTask.java:260)
	at akka.dispatch.forkjoin.ForkJoinPool$WorkQueue.runTask(ForkJoinPool.java:1339)
	at akka.dispatch.forkjoin.ForkJoinPool.runWorker(ForkJoinPool.java:1979)
	at akka.dispatch.forkjoin.ForkJoinWorkerThread.run(ForkJoinWorkerThread.java:107)
2017-11-16 10:24:24,462 [INFO] from play.api.http.EnabledFilters in play-dev-mode-akka.actor.default-dispatcher-21 - Enabled Filters (see <https://www.playframework.com/documentation/latest/Filters>):

    play.filters.csrf.CSRFFilter
    play.filters.headers.SecurityHeadersFilter
    play.filters.hosts.AllowedHostsFilter

2017-11-16 10:24:24,469 [INFO] from play.api.Play in play-dev-mode-akka.actor.default-dispatcher-21 - Application started (Dev)
2017-11-16 10:32:30,458 [INFO] from play.core.server.AkkaHttpServer in pool-5-thread-1 - Stopping server...
